---------- Date: 2020-08-29 00:24:25 ~ IP : 52.188.163.148 ----------
REQUEST URI : //index.php?route=common/themecss'
MOD DETAILS:
   modFile   : /var/www/vhosts/gempacked.com/home/versions/2020-02-27_15_16_01/vqmod/xml/vqmod_ALTHEMIST_TABS.xml
   id        : ALTHEMIST TABS/ACCORDION/TOGGLE Module
   version   : 1.0
   vqmver    : 2.1.0
   author    : Dimitar Koev

File Name    : catalog/view/theme/*/template/common/header.tpl(0)
VQModObject::applyMod - SEARCH NOT FOUND (ABORTING MOD): <?php echo $google_analytics; ?>
----------------------------------------------------------------------


---------- Date: 2020-08-29 00:24:25 ~ IP : 2a01:4f8:190:4413::2 ----------
REQUEST URI : /36103-16x11mm-leverback-10795
VQMod::_parseMods - INVALID XML FILE: : Document is empty in /var/www/vhosts/gempacked.com/home/versions/2020-02-27_15_16_01/vqmod/xml/404s_report.xml, line: 1
MOD DETAILS:
   modFile   : /var/www/vhosts/gempacked.com/home/versions/2020-02-27_15_16_01/vqmod/xml/a_vqmod_d_quickcheckout.xml
   id        : AJAX QUICK CHECKOUT V6 BY DREAMVENTION
   version   : 2.0.0.0
   vqmver    : 2.2.1
   author    : dreamvention.com
VQModObject::parseMods - Could not resolve path for [system/library/cart/tax.php] (SKIPPED)
MOD DETAILS:
   modFile   : /var/www/vhosts/gempacked.com/home/versions/2020-02-27_15_16_01/vqmod/xml/jc_returns_admin_email.xml
   id        : Returns admin email
   version   : 1.0.1
   vqmver    : 2.1.5
   author    : Jeroen Custers
VQModObject::parseMods - Could not resolve path for [catalog/language/dutch/account/return.php] (SKIPPED)
MOD DETAILS:
   modFile   : /var/www/vhosts/gempacked.com/home/versions/2020-02-27_15_16_01/vqmod/xml/universal_import_pro.xml
   id        : Universal Import Export Pro
   version   : 1.9.0
   vqmver    : 2.5.1
   author    : GeekoDev

File Name    : admin/view/template/catalog/product_list.tpl(0)
Operation <add> tag missing

File Name    : admin/view/template/catalog/product_list.tpl(1)
Operation <search> tag missing

File Name    : admin/view/template/catalog/product_list.tpl(1)
Operation <add> tag missing

----------------------------------------------------------------------


---------- Date: 2020-08-29 00:24:28 ~ IP : 72.134.121.207 ----------
REQUEST URI : /admin/index.php?route=extension/modification&token=qeqshNbILiG6rtJ9eRIR3adX2T7DXv04
MOD DETAILS:
   modFile   : /var/www/vhosts/gempacked.com/home/versions/2020-02-27_15_16_01/vqmod/xml/zoemdevfix.xml
   id        : One page order entry systems
   version   : 6.1
   vqmver    : 2.5.2
   author    : cartbinder.com

File Name    : admin/model/sale/order.php(0)
VQModObject::applyMod - SEARCH NOT FOUND (SKIPPED): $sql = "SELECT o.order_id

----------------------------------------------------------------------


---------- Date: 2020-08-29 00:24:29 ~ IP : 52.188.163.148 ----------
REQUEST URI : //index.php?route=common/themecss'
MOD DETAILS:
   modFile   : /var/www/vhosts/gempacked.com/home/versions/2020-02-27_15_16_01/vqmod/xml/advancedmenu_seo_url_modsII.xml
   id        : Advanced Menu V4 - vqmod for opencart V2.xor greater
   version   : 1.1.0
   vqmver    : 2.3
   author    : www.ocmodules.com

File Name    : catalog/controller/common/seo_url.php(2)
VQModObject::applyMod - SEARCH NOT FOUND (ABORTING MOD): if ($query->row['query']
MOD DETAILS:
   modFile   : /var/www/vhosts/gempacked.com/home/versions/2020-02-27_15_16_01/vqmod/xml/vqmod_ALTHEMIST_TABS.xml
   id        : ALTHEMIST TABS/ACCORDION/TOGGLE Module
   version   : 1.0
   vqmver    : 2.1.0
   author    : Dimitar Koev

File Name    : catalog/view/theme/*/template/common/header.tpl(0)
VQModObject::applyMod - SEARCH NOT FOUND (ABORTING MOD): <?php echo $google_analytics; ?>
----------------------------------------------------------------------


---------- Date: 2020-08-29 00:24:39 ~ IP : 2a01:4f8:190:4413::2 ----------
REQUEST URI : /findings-jewelry-components-and-parts/earring-findings-parts-and-components/leverback-earrings/36103-16x11mm-leverback-10795
MOD DETAILS:
   modFile   : /var/www/vhosts/gempacked.com/home/versions/2020-02-27_15_16_01/vqmod/xml/qrCodes.reasonline.net.vqmod.xml
   id        : Provides QR Code image in product views.
   version   : 1.0
   vqmver    : 2.X
   author    : @StephenDubliner | reasonline.net

File Name    : catalog/view/theme/*/template/product/product.tpl(0)
VQModObject::applyMod - SEARCH NOT FOUND (ABORTING MOD): if ($price)

----------------------------------------------------------------------


---------- Date: 2020-08-29 00:29:51 ~ IP : 72.134.121.207 ----------
REQUEST URI : /
MOD DETAILS:
   modFile   : /var/www/vhosts/gempacked.com/home/versions/2020-02-27_15_16_01/vqmod/xml/canonical-url.xml
   id        : Opencart Canonical URL
   version   : 1
   vqmver    : 
   author    : Ersen16 - www.opencart-soft.com

File Name    : catalog/controller/common/home.php(0)
VQModObject::applyMod - SEARCH NOT FOUND (ABORTING MOD): $this->document->setTitle($this->config->get('config_title'));

----------------------------------------------------------------------


---------- Date: 2020-08-29 01:29:11 ~ IP : 172.197.61.49 ----------
REQUEST URI : /index.php?route=total/shipping/quote
VQMod::_parseMods - INVALID XML FILE: : Document is empty in /var/www/vhosts/gempacked.com/home/versions/2020-02-27_15_16_01/vqmod/xml/404s_report.xml, line: 1
MOD DETAILS:
   modFile   : /var/www/vhosts/gempacked.com/home/versions/2020-02-27_15_16_01/vqmod/xml/a_vqmod_d_quickcheckout.xml
   id        : AJAX QUICK CHECKOUT V6 BY DREAMVENTION
   version   : 2.0.0.0
   vqmver    : 2.2.1
   author    : dreamvention.com
VQModObject::parseMods - Could not resolve path for [system/library/cart/tax.php] (SKIPPED)
MOD DETAILS:
   modFile   : /var/www/vhosts/gempacked.com/home/versions/2020-02-27_15_16_01/vqmod/xml/jc_returns_admin_email.xml
   id        : Returns admin email
   version   : 1.0.1
   vqmver    : 2.1.5
   author    : Jeroen Custers
VQModObject::parseMods - Could not resolve path for [catalog/language/dutch/account/return.php] (SKIPPED)
MOD DETAILS:
   modFile   : /var/www/vhosts/gempacked.com/home/versions/2020-02-27_15_16_01/vqmod/xml/universal_import_pro.xml
   id        : Universal Import Export Pro
   version   : 1.9.0
   vqmver    : 2.5.1
   author    : GeekoDev

File Name    : admin/view/template/catalog/product_list.tpl(0)
Operation <add> tag missing

File Name    : admin/view/template/catalog/product_list.tpl(1)
Operation <search> tag missing

File Name    : admin/view/template/catalog/product_list.tpl(1)
Operation <add> tag missing
MOD DETAILS:
   modFile   : /var/www/vhosts/gempacked.com/home/versions/2020-02-27_15_16_01/vqmod/xml/vqmod_ALTHEMIST_TABS.xml
   id        : ALTHEMIST TABS/ACCORDION/TOGGLE Module
   version   : 1.0
   vqmver    : 2.1.0
   author    : Dimitar Koev

File Name    : catalog/view/theme/*/template/common/header.tpl(0)
VQModObject::applyMod - SEARCH NOT FOUND (ABORTING MOD): <?php echo $google_analytics; ?>
----------------------------------------------------------------------


---------- Date: 2020-08-29 01:29:11 ~ IP : 23.240.105.73 ----------
REQUEST URI : /admin/index.php?route=server/server/ping&token=ZaGRIg5eqoJac0uIrsLRMhyJOqb4B8gf
MOD DETAILS:
   modFile   : /var/www/vhosts/gempacked.com/home/versions/2020-02-27_15_16_01/vqmod/xml/zoemdevfix.xml
   id        : One page order entry systems
   version   : 6.1
   vqmver    : 2.5.2
   author    : cartbinder.com

File Name    : admin/model/sale/order.php(0)
VQModObject::applyMod - SEARCH NOT FOUND (SKIPPED): $sql = "SELECT o.order_id

----------------------------------------------------------------------


---------- Date: 2020-08-29 01:29:13 ~ IP : 72.134.121.207 ----------
REQUEST URI : /admin/index.php?route=extension/modification&token=4b0xroWxgIMKwV0mO1PHDuxRrVJEcTyy
MOD DETAILS:
   modFile   : /var/www/vhosts/gempacked.com/home/versions/2020-02-27_15_16_01/vqmod/xml/zoemdevfix.xml
   id        : One page order entry systems
   version   : 6.1
   vqmver    : 2.5.2
   author    : cartbinder.com

File Name    : admin/model/sale/order.php(0)
VQModObject::applyMod - SEARCH NOT FOUND (SKIPPED): $sql = "SELECT o.order_id

----------------------------------------------------------------------


---------- Date: 2020-08-29 01:29:18 ~ IP : 85.115.60.201 ----------
REQUEST URI : /
MOD DETAILS:
   modFile   : /var/www/vhosts/gempacked.com/home/versions/2020-02-27_15_16_01/vqmod/xml/advancedmenu_seo_url_modsII.xml
   id        : Advanced Menu V4 - vqmod for opencart V2.xor greater
   version   : 1.1.0
   vqmver    : 2.3
   author    : www.ocmodules.com

File Name    : catalog/controller/common/seo_url.php(2)
VQModObject::applyMod - SEARCH NOT FOUND (ABORTING MOD): if ($query->row['query']
MOD DETAILS:
   modFile   : /var/www/vhosts/gempacked.com/home/versions/2020-02-27_15_16_01/vqmod/xml/canonical-url.xml
   id        : Opencart Canonical URL
   version   : 1
   vqmver    : 
   author    : Ersen16 - www.opencart-soft.com

File Name    : catalog/controller/common/home.php(0)
VQModObject::applyMod - SEARCH NOT FOUND (ABORTING MOD): $this->document->setTitle($this->config->get('config_title'));

MOD DETAILS:
   modFile   : /var/www/vhosts/gempacked.com/home/versions/2020-02-27_15_16_01/vqmod/xml/vqmod_ALTHEMIST_TABS.xml
   id        : ALTHEMIST TABS/ACCORDION/TOGGLE Module
   version   : 1.0
   vqmver    : 2.1.0
   author    : Dimitar Koev

File Name    : catalog/view/theme/*/template/common/header.tpl(0)
VQModObject::applyMod - SEARCH NOT FOUND (ABORTING MOD): <?php echo $google_analytics; ?>
----------------------------------------------------------------------


---------- Date: 2020-08-29 01:30:08 ~ IP : 172.197.61.49 ----------
REQUEST URI : /index.php?route=product/product_grouped/getCombinationData&v=1598689806804
VQMod::_parseMods - INVALID XML FILE: : Document is empty in /var/www/vhosts/gempacked.com/home/versions/2020-02-27_15_16_01/vqmod/xml/404s_report.xml, line: 1
MOD DETAILS:
   modFile   : /var/www/vhosts/gempacked.com/home/versions/2020-02-27_15_16_01/vqmod/xml/a_vqmod_d_quickcheckout.xml
   id        : AJAX QUICK CHECKOUT V6 BY DREAMVENTION
   version   : 2.0.0.0
   vqmver    : 2.2.1
   author    : dreamvention.com
VQModObject::parseMods - Could not resolve path for [system/library/cart/tax.php] (SKIPPED)
MOD DETAILS:
   modFile   : /var/www/vhosts/gempacked.com/home/versions/2020-02-27_15_16_01/vqmod/xml/jc_returns_admin_email.xml
   id        : Returns admin email
   version   : 1.0.1
   vqmver    : 2.1.5
   author    : Jeroen Custers
VQModObject::parseMods - Could not resolve path for [catalog/language/dutch/account/return.php] (SKIPPED)
MOD DETAILS:
   modFile   : /var/www/vhosts/gempacked.com/home/versions/2020-02-27_15_16_01/vqmod/xml/universal_import_pro.xml
   id        : Universal Import Export Pro
   version   : 1.9.0
   vqmver    : 2.5.1
   author    : GeekoDev

File Name    : admin/view/template/catalog/product_list.tpl(0)
Operation <add> tag missing

File Name    : admin/view/template/catalog/product_list.tpl(1)
Operation <search> tag missing

File Name    : admin/view/template/catalog/product_list.tpl(1)
Operation <add> tag missing
MOD DETAILS:
   modFile   : /var/www/vhosts/gempacked.com/home/versions/2020-02-27_15_16_01/vqmod/xml/vqmod_ALTHEMIST_TABS.xml
   id        : ALTHEMIST TABS/ACCORDION/TOGGLE Module
   version   : 1.0
   vqmver    : 2.1.0
   author    : Dimitar Koev

File Name    : catalog/view/theme/*/template/common/header.tpl(0)
VQModObject::applyMod - SEARCH NOT FOUND (ABORTING MOD): <?php echo $google_analytics; ?>
----------------------------------------------------------------------


---------- Date: 2020-08-29 01:30:10 ~ IP : 72.134.121.207 ----------
REQUEST URI : /admin/index.php?route=extension/modification&token=4b0xroWxgIMKwV0mO1PHDuxRrVJEcTyy
MOD DETAILS:
   modFile   : /var/www/vhosts/gempacked.com/home/versions/2020-02-27_15_16_01/vqmod/xml/zoemdevfix.xml
   id        : One page order entry systems
   version   : 6.1
   vqmver    : 2.5.2
   author    : cartbinder.com

File Name    : admin/model/sale/order.php(0)
VQModObject::applyMod - SEARCH NOT FOUND (SKIPPED): $sql = "SELECT o.order_id

----------------------------------------------------------------------


---------- Date: 2020-08-29 01:30:12 ~ IP : 172.197.61.49 ----------
REQUEST URI : /index.php?route=product/product_grouped/getGroupOptions&v=1598689811657
MOD DETAILS:
   modFile   : /var/www/vhosts/gempacked.com/home/versions/2020-02-27_15_16_01/vqmod/xml/advancedmenu_seo_url_modsII.xml
   id        : Advanced Menu V4 - vqmod for opencart V2.xor greater
   version   : 1.1.0
   vqmver    : 2.3
   author    : www.ocmodules.com

File Name    : catalog/controller/common/seo_url.php(2)
VQModObject::applyMod - SEARCH NOT FOUND (ABORTING MOD): if ($query->row['query']
----------------------------------------------------------------------


---------- Date: 2020-08-29 01:30:23 ~ IP : 72.134.121.207 ----------
REQUEST URI : /
MOD DETAILS:
   modFile   : /var/www/vhosts/gempacked.com/home/versions/2020-02-27_15_16_01/vqmod/xml/canonical-url.xml
   id        : Opencart Canonical URL
   version   : 1
   vqmver    : 
   author    : Ersen16 - www.opencart-soft.com

File Name    : catalog/controller/common/home.php(0)
VQModObject::applyMod - SEARCH NOT FOUND (ABORTING MOD): $this->document->setTitle($this->config->get('config_title'));

MOD DETAILS:
   modFile   : /var/www/vhosts/gempacked.com/home/versions/2020-02-27_15_16_01/vqmod/xml/vqmod_ALTHEMIST_TABS.xml
   id        : ALTHEMIST TABS/ACCORDION/TOGGLE Module
   version   : 1.0
   vqmver    : 2.1.0
   author    : Dimitar Koev

File Name    : catalog/view/theme/*/template/common/header.tpl(0)
VQModObject::applyMod - SEARCH NOT FOUND (ABORTING MOD): <?php echo $google_analytics; ?>
----------------------------------------------------------------------


---------- Date: 2020-08-29 01:30:36 ~ IP : 172.197.61.49 ----------
REQUEST URI : /index.php?route=product/product_grouped/getGroupOptions&v=1598689835593
VQMod::_parseMods - INVALID XML FILE: : Document is empty in /var/www/vhosts/gempacked.com/home/versions/2020-02-27_15_16_01/vqmod/xml/404s_report.xml, line: 1
MOD DETAILS:
   modFile   : /var/www/vhosts/gempacked.com/home/versions/2020-02-27_15_16_01/vqmod/xml/a_vqmod_d_quickcheckout.xml
   id        : AJAX QUICK CHECKOUT V6 BY DREAMVENTION
   version   : 2.0.0.0
   vqmver    : 2.2.1
   author    : dreamvention.com
VQModObject::parseMods - Could not resolve path for [system/library/cart/tax.php] (SKIPPED)
MOD DETAILS:
   modFile   : /var/www/vhosts/gempacked.com/home/versions/2020-02-27_15_16_01/vqmod/xml/jc_returns_admin_email.xml
   id        : Returns admin email
   version   : 1.0.1
   vqmver    : 2.1.5
   author    : Jeroen Custers
VQModObject::parseMods - Could not resolve path for [catalog/language/dutch/account/return.php] (SKIPPED)
MOD DETAILS:
   modFile   : /var/www/vhosts/gempacked.com/home/versions/2020-02-27_15_16_01/vqmod/xml/universal_import_pro.xml
   id        : Universal Import Export Pro
   version   : 1.9.0
   vqmver    : 2.5.1
   author    : GeekoDev

File Name    : admin/view/template/catalog/product_list.tpl(0)
Operation <add> tag missing

File Name    : admin/view/template/catalog/product_list.tpl(1)
Operation <search> tag missing

File Name    : admin/view/template/catalog/product_list.tpl(1)
Operation <add> tag missing
MOD DETAILS:
   modFile   : /var/www/vhosts/gempacked.com/home/versions/2020-02-27_15_16_01/vqmod/xml/vqmod_ALTHEMIST_TABS.xml
   id        : ALTHEMIST TABS/ACCORDION/TOGGLE Module
   version   : 1.0
   vqmver    : 2.1.0
   author    : Dimitar Koev

File Name    : catalog/view/theme/*/template/common/header.tpl(0)
VQModObject::applyMod - SEARCH NOT FOUND (ABORTING MOD): <?php echo $google_analytics; ?>
----------------------------------------------------------------------


---------- Date: 2020-08-29 01:30:37 ~ IP : 72.134.121.207 ----------
REQUEST URI : /index.php?route=common/themecss
MOD DETAILS:
   modFile   : /var/www/vhosts/gempacked.com/home/versions/2020-02-27_15_16_01/vqmod/xml/advancedmenu_seo_url_modsII.xml
   id        : Advanced Menu V4 - vqmod for opencart V2.xor greater
   version   : 1.1.0
   vqmver    : 2.3
   author    : www.ocmodules.com

File Name    : catalog/controller/common/seo_url.php(2)
VQModObject::applyMod - SEARCH NOT FOUND (ABORTING MOD): if ($query->row['query']
----------------------------------------------------------------------


---------- Date: 2020-08-29 01:30:38 ~ IP : 72.134.121.207 ----------
REQUEST URI : /admin/index.php?route=extension/modification&token=4b0xroWxgIMKwV0mO1PHDuxRrVJEcTyy
MOD DETAILS:
   modFile   : /var/www/vhosts/gempacked.com/home/versions/2020-02-27_15_16_01/vqmod/xml/zoemdevfix.xml
   id        : One page order entry systems
   version   : 6.1
   vqmver    : 2.5.2
   author    : cartbinder.com

File Name    : admin/model/sale/order.php(0)
VQModObject::applyMod - SEARCH NOT FOUND (SKIPPED): $sql = "SELECT o.order_id

----------------------------------------------------------------------


---------- Date: 2020-08-29 01:30:43 ~ IP : 72.134.121.207 ----------
REQUEST URI : /
MOD DETAILS:
   modFile   : /var/www/vhosts/gempacked.com/home/versions/2020-02-27_15_16_01/vqmod/xml/canonical-url.xml
   id        : Opencart Canonical URL
   version   : 1
   vqmver    : 
   author    : Ersen16 - www.opencart-soft.com

File Name    : catalog/controller/common/home.php(0)
VQModObject::applyMod - SEARCH NOT FOUND (ABORTING MOD): $this->document->setTitle($this->config->get('config_title'));

MOD DETAILS:
   modFile   : /var/www/vhosts/gempacked.com/home/versions/2020-02-27_15_16_01/vqmod/xml/vqmod_ALTHEMIST_TABS.xml
   id        : ALTHEMIST TABS/ACCORDION/TOGGLE Module
   version   : 1.0
   vqmver    : 2.1.0
   author    : Dimitar Koev

File Name    : catalog/view/theme/*/template/common/header.tpl(0)
VQModObject::applyMod - SEARCH NOT FOUND (ABORTING MOD): <?php echo $google_analytics; ?>
----------------------------------------------------------------------


---------- Date: 2020-08-29 01:32:10 ~ IP : 72.134.121.207 ----------
REQUEST URI : /precious-and-semi-precious-gemstone-beads/gemstone-beads-lapis-lazuli/round-8mm-smooth-lapis-beads-by-strand
MOD DETAILS:
   modFile   : /var/www/vhosts/gempacked.com/home/versions/2020-02-27_15_16_01/vqmod/xml/qrCodes.reasonline.net.vqmod.xml
   id        : Provides QR Code image in product views.
   version   : 1.0
   vqmver    : 2.X
   author    : @StephenDubliner | reasonline.net

File Name    : catalog/view/theme/*/template/product/product.tpl(0)
VQModObject::applyMod - SEARCH NOT FOUND (ABORTING MOD): if ($price)

----------------------------------------------------------------------


